c:\users\user\documents\visual studio 2015\projects\gameenginetutorial\gameoflifedemo\debug\vc140.pdb
c:\users\user\documents\visual studio 2015\projects\gameenginetutorial\gameoflifedemo\debug\vc140.idb
c:\users\user\documents\visual studio 2015\projects\gameenginetutorial\gameoflifedemo\debug\coloraffector.obj
c:\users\user\documents\visual studio 2015\projects\gameenginetutorial\gameoflifedemo\debug\gameobject.obj
c:\users\user\documents\visual studio 2015\projects\gameenginetutorial\gameoflifedemo\debug\gravityaffector.obj
c:\users\user\documents\visual studio 2015\projects\gameenginetutorial\gameoflifedemo\debug\lodepng.obj
c:\users\user\documents\visual studio 2015\projects\gameenginetutorial\gameoflifedemo\debug\matrix.obj
c:\users\user\documents\visual studio 2015\projects\gameenginetutorial\gameoflifedemo\debug\particleaffector.obj
c:\users\user\documents\visual studio 2015\projects\gameenginetutorial\gameoflifedemo\debug\particleobject.obj
c:\users\user\documents\visual studio 2015\projects\gameenginetutorial\gameoflifedemo\debug\pointemitter.obj
c:\users\user\documents\visual studio 2015\projects\gameenginetutorial\gameoflifedemo\debug\rotationaffector.obj
c:\users\user\documents\visual studio 2015\projects\gameenginetutorial\gameoflifedemo\debug\sizeaffector.obj
c:\users\user\documents\visual studio 2015\projects\gameenginetutorial\gameoflifedemo\debug\sprite.obj
c:\users\user\documents\visual studio 2015\projects\gameenginetutorial\gameoflifedemo\debug\vector3.obj
c:\users\user\documents\visual studio 2015\projects\gameenginetutorial\gameoflifedemo\debug\velocityaffector.obj
c:\users\user\documents\visual studio 2015\projects\gameenginetutorial\gameoflifedemo\debug\random.obj
c:\users\user\documents\visual studio 2015\projects\gameenginetutorial\gameoflifedemo\debug\application.obj
c:\users\user\documents\visual studio 2015\projects\gameenginetutorial\gameoflifedemo\debug\main.obj
c:\users\user\documents\visual studio 2015\projects\gameenginetutorial\gameoflifedemo\debug\particlesystem.obj
c:\users\user\documents\visual studio 2015\projects\gameenginetutorial\gameoflifedemo\debug\circleemitter.obj
c:\users\user\documents\visual studio 2015\projects\gameenginetutorial\gameoflifedemo\debug\particleemitter.obj
c:\users\user\documents\visual studio 2015\projects\gameenginetutorial\debug\gameenginetutorial.ilk
c:\users\user\documents\visual studio 2015\projects\gameenginetutorial\debug\gameenginetutorial.exe
c:\users\user\documents\visual studio 2015\projects\gameenginetutorial\debug\gameenginetutorial.pdb
c:\users\user\documents\visual studio 2015\projects\gameenginetutorial\gameoflifedemo\debug\gameengi.7623fca3.tlog\cl.command.1.tlog
c:\users\user\documents\visual studio 2015\projects\gameenginetutorial\gameoflifedemo\debug\gameengi.7623fca3.tlog\cl.read.1.tlog
c:\users\user\documents\visual studio 2015\projects\gameenginetutorial\gameoflifedemo\debug\gameengi.7623fca3.tlog\cl.write.1.tlog
c:\users\user\documents\visual studio 2015\projects\gameenginetutorial\gameoflifedemo\debug\gameengi.7623fca3.tlog\link-cvtres.read.1.tlog
c:\users\user\documents\visual studio 2015\projects\gameenginetutorial\gameoflifedemo\debug\gameengi.7623fca3.tlog\link-cvtres.write.1.tlog
c:\users\user\documents\visual studio 2015\projects\gameenginetutorial\gameoflifedemo\debug\gameengi.7623fca3.tlog\link-rc.read.1.tlog
c:\users\user\documents\visual studio 2015\projects\gameenginetutorial\gameoflifedemo\debug\gameengi.7623fca3.tlog\link-rc.write.1.tlog
c:\users\user\documents\visual studio 2015\projects\gameenginetutorial\gameoflifedemo\debug\gameengi.7623fca3.tlog\link.7320-cvtres.read.1.tlog
c:\users\user\documents\visual studio 2015\projects\gameenginetutorial\gameoflifedemo\debug\gameengi.7623fca3.tlog\link.7320-cvtres.write.1.tlog
c:\users\user\documents\visual studio 2015\projects\gameenginetutorial\gameoflifedemo\debug\gameengi.7623fca3.tlog\link.7320-rc.read.1.tlog
c:\users\user\documents\visual studio 2015\projects\gameenginetutorial\gameoflifedemo\debug\gameengi.7623fca3.tlog\link.7320-rc.write.1.tlog
c:\users\user\documents\visual studio 2015\projects\gameenginetutorial\gameoflifedemo\debug\gameengi.7623fca3.tlog\link.7320.read.1.tlog
c:\users\user\documents\visual studio 2015\projects\gameenginetutorial\gameoflifedemo\debug\gameengi.7623fca3.tlog\link.7320.write.1.tlog
c:\users\user\documents\visual studio 2015\projects\gameenginetutorial\gameoflifedemo\debug\gameengi.7623fca3.tlog\link.command.1.tlog
c:\users\user\documents\visual studio 2015\projects\gameenginetutorial\gameoflifedemo\debug\gameengi.7623fca3.tlog\link.read.1.tlog
c:\users\user\documents\visual studio 2015\projects\gameenginetutorial\gameoflifedemo\debug\gameengi.7623fca3.tlog\link.write.1.tlog
