C:\Program Files (x86)\MSBuild\Microsoft.Cpp\v4.0\V140\Microsoft.CppBuild.targets(392,5): warning MSB8028: The intermediate directory (Debug\) contains files shared from another project (GameOfLifeDemo.vcxproj).  This can lead to incorrect clean and rebuild behavior.
  Random.cpp
c:\users\user\documents\visual studio 2015\projects\gameenginetutorial\gameoflifedemo\random.cpp(17): warning C4244: 'initializing': conversion from 'int' to 'float', possible loss of data
  velocityAffector.cpp
  Vector3.cpp
  sprite.cpp
c:\users\user\documents\visual studio 2015\projects\gameenginetutorial\debug\sprite.cpp(63): warning C4244: 'return': conversion from 'float' to 'int', possible loss of data
c:\users\user\documents\visual studio 2015\projects\gameenginetutorial\debug\sprite.cpp(68): warning C4244: 'return': conversion from 'float' to 'int', possible loss of data
c:\users\user\documents\visual studio 2015\projects\gameenginetutorial\debug\sprite.cpp(73): warning C4244: 'initializing': conversion from 'double' to 'float', possible loss of data
c:\users\user\documents\visual studio 2015\projects\gameenginetutorial\debug\sprite.cpp(74): warning C4244: 'initializing': conversion from 'double' to 'float', possible loss of data
c:\users\user\documents\visual studio 2015\projects\gameenginetutorial\debug\sprite.cpp(77): warning C4244: '=': conversion from 'double' to 'float', possible loss of data
  squareEmitter.cpp
  scaleAffector.cpp
  rotationAffector.cpp
  ringEmitter.cpp
  pointEmitter.cpp
  particleSystem.cpp
c:\users\user\documents\visual studio 2015\projects\gameenginetutorial\debug\particlesystem.cpp(7): warning C4244: '=': conversion from 'float' to 'int', possible loss of data
  particleObject.cpp
  particleEmitter.cpp
  particleAffector.cpp
  matrix.cpp
c:\users\user\documents\visual studio 2015\projects\gameenginetutorial\debug\vector.h(141): warning C4244: 'return': conversion from 'double' to 'float', possible loss of data
c:\users\user\documents\visual studio 2015\projects\gameenginetutorial\debug\matrix.h(189): warning C4244: 'initializing': conversion from 'double' to 'float', possible loss of data
c:\users\user\documents\visual studio 2015\projects\gameenginetutorial\debug\matrix.h(190): warning C4244: 'initializing': conversion from 'double' to 'float', possible loss of data
  main.cpp
c:\users\user\documents\visual studio 2015\projects\gameenginetutorial\debug\vector.h(141): warning C4244: 'return': conversion from 'double' to 'float', possible loss of data
c:\users\user\documents\visual studio 2015\projects\gameenginetutorial\debug\matrix.h(189): warning C4244: 'initializing': conversion from 'double' to 'float', possible loss of data
c:\users\user\documents\visual studio 2015\projects\gameenginetutorial\debug\matrix.h(190): warning C4244: 'initializing': conversion from 'double' to 'float', possible loss of data
c:\users\user\documents\visual studio 2015\projects\gameenginetutorial\debug\main.cpp(16): warning C4244: 'initializing': conversion from 'double' to 'float', possible loss of data
c:\users\user\documents\visual studio 2015\projects\gameenginetutorial\debug\main.cpp(17): warning C4244: 'initializing': conversion from 'double' to 'float', possible loss of data
c:\users\user\documents\visual studio 2015\projects\gameenginetutorial\debug\main.cpp(44): warning C4244: 'initializing': conversion from 'double' to 'float', possible loss of data
  lodepng.cpp
  gravityAffector.cpp
  gameobject.cpp
c:\users\user\documents\visual studio 2015\projects\gameenginetutorial\debug\gameobject.cpp(14): warning C4305: '=': truncation from 'double' to 'float'
  colorAffector.cpp
  circleEmitter.cpp
  Generating Code...
  Compiling...
  Application.cpp
c:\users\user\documents\visual studio 2015\projects\gameenginetutorial\debug\application.cpp(19): warning C4305: 'argument': truncation from 'double' to 'float'
c:\users\user\documents\visual studio 2015\projects\gameenginetutorial\debug\application.cpp(20): warning C4305: 'argument': truncation from 'double' to 'float'
c:\users\user\documents\visual studio 2015\projects\gameenginetutorial\debug\application.cpp(22): warning C4305: 'argument': truncation from 'double' to 'float'
c:\users\user\documents\visual studio 2015\projects\gameenginetutorial\debug\application.cpp(23): warning C4305: 'argument': truncation from 'double' to 'float'
c:\users\user\documents\visual studio 2015\projects\gameenginetutorial\debug\application.cpp(24): warning C4305: 'argument': truncation from 'double' to 'float'
c:\users\user\documents\visual studio 2015\projects\gameenginetutorial\debug\application.cpp(26): warning C4305: 'argument': truncation from 'double' to 'float'
c:\users\user\documents\visual studio 2015\projects\gameenginetutorial\debug\application.cpp(28): warning C4305: 'argument': truncation from 'double' to 'float'
c:\users\user\documents\visual studio 2015\projects\gameenginetutorial\debug\application.cpp(29): warning C4305: 'argument': truncation from 'double' to 'float'
c:\users\user\documents\visual studio 2015\projects\gameenginetutorial\debug\application.cpp(30): warning C4305: 'argument': truncation from 'double' to 'float'
c:\users\user\documents\visual studio 2015\projects\gameenginetutorial\debug\application.cpp(31): warning C4305: 'argument': truncation from 'double' to 'float'
c:\users\user\documents\visual studio 2015\projects\gameenginetutorial\debug\application.cpp(52): warning C4244: 'argument': conversion from 'double' to 'float', possible loss of data
c:\users\user\documents\visual studio 2015\projects\gameenginetutorial\debug\application.cpp(52): warning C4305: 'argument': truncation from 'double' to 'float'
c:\users\user\documents\visual studio 2015\projects\gameenginetutorial\debug\application.cpp(61): warning C4244: 'argument': conversion from 'double' to 'float', possible loss of data
c:\users\user\documents\visual studio 2015\projects\gameenginetutorial\debug\application.cpp(61): warning C4305: 'argument': truncation from 'double' to 'float'
c:\users\user\documents\visual studio 2015\projects\gameenginetutorial\debug\application.cpp(76): warning C4244: 'argument': conversion from 'double' to 'float', possible loss of data
c:\users\user\documents\visual studio 2015\projects\gameenginetutorial\debug\application.cpp(86): warning C4305: 'argument': truncation from 'double' to 'float'
c:\users\user\documents\visual studio 2015\projects\gameenginetutorial\debug\application.cpp(94): warning C4305: 'argument': truncation from 'double' to 'float'
c:\users\user\documents\visual studio 2015\projects\gameenginetutorial\debug\application.cpp(164): warning C4305: 'argument': truncation from 'double' to 'float'
c:\users\user\documents\visual studio 2015\projects\gameenginetutorial\debug\application.cpp(170): warning C4305: 'argument': truncation from 'double' to 'float'
c:\users\user\documents\visual studio 2015\projects\gameenginetutorial\debug\application.cpp(182): warning C4305: 'argument': truncation from 'double' to 'float'
c:\users\user\documents\visual studio 2015\projects\gameenginetutorial\debug\application.cpp(187): warning C4305: 'argument': truncation from 'double' to 'float'
  Generating Code...
LINK : warning LNK4098: defaultlib 'MSVCRT' conflicts with use of other libs; use /NODEFAULTLIB:library
  GameOfLifeDemo.vcxproj -> C:\Users\User\Documents\Visual Studio 2015\Projects\GameEngineTutorial\Debug\GameEngineTutorial.exe
  GameOfLifeDemo.vcxproj -> C:\Users\User\Documents\Visual Studio 2015\Projects\GameEngineTutorial\Debug\GameEngineTutorial.pdb (Full PDB)
