c:\users\user\documents\visual studio 2015\projects\gameoflifedemo - test\gameoflifedemo\debug\vc140.pdb
c:\users\user\documents\visual studio 2015\projects\gameoflifedemo - test\gameoflifedemo\debug\vc140.idb
c:\users\user\documents\visual studio 2015\projects\gameoflifedemo - test\gameoflifedemo\debug\main.obj
c:\users\user\documents\visual studio 2015\projects\gameoflifedemo - test\gameoflifedemo\debug\matrix.obj
c:\users\user\documents\visual studio 2015\projects\gameoflifedemo - test\debug\gameoflifedemo.pdb
c:\users\user\documents\visual studio 2015\projects\gameoflifedemo - test\gameoflifedemo\debug\gameoflifedemo.tlog\cl.command.1.tlog
c:\users\user\documents\visual studio 2015\projects\gameoflifedemo - test\gameoflifedemo\debug\gameoflifedemo.tlog\cl.read.1.tlog
c:\users\user\documents\visual studio 2015\projects\gameoflifedemo - test\gameoflifedemo\debug\gameoflifedemo.tlog\cl.write.1.tlog
c:\users\user\documents\visual studio 2015\projects\gameoflifedemo - test\gameoflifedemo\debug\gameoflifedemo.tlog\link-cvtres.read.1.tlog
c:\users\user\documents\visual studio 2015\projects\gameoflifedemo - test\gameoflifedemo\debug\gameoflifedemo.tlog\link-cvtres.write.1.tlog
c:\users\user\documents\visual studio 2015\projects\gameoflifedemo - test\gameoflifedemo\debug\gameoflifedemo.tlog\link-rc.read.1.tlog
c:\users\user\documents\visual studio 2015\projects\gameoflifedemo - test\gameoflifedemo\debug\gameoflifedemo.tlog\link-rc.write.1.tlog
c:\users\user\documents\visual studio 2015\projects\gameoflifedemo - test\gameoflifedemo\debug\gameoflifedemo.tlog\link.10912-cvtres.read.1.tlog
c:\users\user\documents\visual studio 2015\projects\gameoflifedemo - test\gameoflifedemo\debug\gameoflifedemo.tlog\link.10912-cvtres.write.1.tlog
c:\users\user\documents\visual studio 2015\projects\gameoflifedemo - test\gameoflifedemo\debug\gameoflifedemo.tlog\link.10912-rc.read.1.tlog
c:\users\user\documents\visual studio 2015\projects\gameoflifedemo - test\gameoflifedemo\debug\gameoflifedemo.tlog\link.10912-rc.write.1.tlog
c:\users\user\documents\visual studio 2015\projects\gameoflifedemo - test\gameoflifedemo\debug\gameoflifedemo.tlog\link.10912.read.1.tlog
c:\users\user\documents\visual studio 2015\projects\gameoflifedemo - test\gameoflifedemo\debug\gameoflifedemo.tlog\link.10912.write.1.tlog
c:\users\user\documents\visual studio 2015\projects\gameoflifedemo - test\gameoflifedemo\debug\gameoflifedemo.tlog\link.command.1.tlog
c:\users\user\documents\visual studio 2015\projects\gameoflifedemo - test\gameoflifedemo\debug\gameoflifedemo.tlog\link.read.1.tlog
c:\users\user\documents\visual studio 2015\projects\gameoflifedemo - test\gameoflifedemo\debug\gameoflifedemo.tlog\link.write.1.tlog
